d:\project\robot\robot\debug\vc140.pdb
d:\project\robot\robot\debug\vc140.idb
d:\project\robot\robot\debug\main.obj
d:\project\robot\robot\debug\objloader.obj
d:\project\robot\robot\debug\targa.obj
d:\project\robot\robot\debug\loadtexture.obj
d:\quiz\quiz4\robot\robot\debug\vc140.pdb
d:\quiz\quiz4\robot\robot\debug\vc140.idb
d:\quiz\quiz4\robot\robot\debug\loadtexture.obj
d:\quiz\quiz4\robot\robot\debug\main.obj
d:\quiz\quiz4\robot\robot\debug\objloader.obj
d:\quiz\quiz4\robot\robot\debug\targa.obj
d:\quiz\quiz8\robot\robot\debug\vc141.pdb
d:\quiz\quiz8\robot\robot\debug\vc141.idb
d:\quiz\quiz8\robot\robot\debug\targa.obj
d:\quiz\quiz8\robot\robot\debug\objloader.obj
d:\quiz\quiz8\robot\robot\debug\main.obj
d:\quiz\quiz8\robot\robot\debug\loadtexture.obj
d:\quiz\quiz8\robot\robot\debug\textureapp.obj
d:\quiz\quiz8\robot\robot\debug\point.obj
d:\project\robot\robot\debug\robot.ilk
d:\project\robot\robot\debug\robot.exe
d:\project\robot\robot\debug\robot.pdb
d:\quiz\quiz4\robot\robot\debug\robot.ilk
d:\quiz\quiz4\robot\robot\debug\robot.exe
d:\quiz\quiz4\robot\robot\debug\robot.pdb
d:\quiz\quiz8\robot\robot\debug\robot.exe
d:\quiz\quiz8\robot\robot\debug\robot.ilk
d:\quiz\quiz8\robot\robot\debug\robot.pdb
d:\quiz\quiz8\robot\robot\debug\loadshaders.obj
d:\quiz\quiz8\robot\robot\debug\main.new.obj.enc
d:\quiz\quiz8\robot\robot\debug\vc140.idb
d:\quiz\quiz8\robot\robot\debug\vc140.pdb
d:\quiz\quiz8\robot\robot\debug\robot.tlog\cl.command.1.tlog
d:\quiz\quiz8\robot\robot\debug\robot.tlog\cl.read.1.tlog
d:\quiz\quiz8\robot\robot\debug\robot.tlog\cl.write.1.tlog
d:\quiz\quiz8\robot\robot\debug\robot.tlog\link.command.1.tlog
d:\quiz\quiz8\robot\robot\debug\robot.tlog\link.delete.1.tlog
d:\quiz\quiz8\robot\robot\debug\robot.tlog\link.read.1.tlog
d:\quiz\quiz8\robot\robot\debug\robot.tlog\link.write.1.tlog
