  LoadShaders.cpp
  main.cpp
d:\project\2d\loadply\main.cpp(15): warning C4244: '=': 將 'double' 轉換為 'float'，由於類型不同，可能導致資料遺失
d:\project\2d\loadply\main.cpp(17): warning C4244: '=': 將 'double' 轉換為 'float'，由於類型不同，可能導致資料遺失
d:\project\2d\loadply\main.cpp(18): warning C4244: '=': 將 'double' 轉換為 'float'，由於類型不同，可能導致資料遺失
d:\project\2d\loadply\main.cpp(20): warning C4244: '=': 將 'double' 轉換為 'float'，由於類型不同，可能導致資料遺失
d:\project\2d\loadply\main.cpp(77): warning C4244: '正在初始化': 將 'double' 轉換為 'float'，由於類型不同，可能導致資料遺失
d:\project\2d\loadply\main.cpp(163): warning C4305: '引數': 從 'int' 轉換為 'GLboolean'，是由較大的類型轉換為較小的類型，可能導致資料遺失
d:\project\2d\loadply\main.cpp(163): warning C4309: '引數': 轉換導致常數值遭截斷; 可能需要使用較大的類型
  point.cpp
d:\project\2d\loadply\point.cpp(12): warning C4244: '=': 將 'int' 轉換為 'float'，由於類型不同，可能導致資料遺失
d:\project\2d\loadply\point.cpp(13): warning C4244: '=': 將 'int' 轉換為 'float'，由於類型不同，可能導致資料遺失
d:\project\2d\loadply\point.cpp(41): warning C4244: '引數': 將 'float' 轉換為 'int'，由於類型不同，可能導致資料遺失
d:\project\2d\loadply\point.cpp(46): warning C4244: '引數': 將 'float' 轉換為 'int'，由於類型不同，可能導致資料遺失
  stbiloader.cpp
d:\project\2d\loadply\stbiloader.cpp(56): warning C4244: '正在初始化': 將 'int' 轉換為 'float'，由於類型不同，可能導致資料遺失
d:\project\2d\loadply\stbiloader.cpp(60): warning C4244: '引數': 將 'float' 轉換為 'GLsizei'，由於類型不同，可能導致資料遺失
  正在產生程式碼
  244 of 245 functions (99.6%) were compiled, the rest were copied from previous compilation.
    15 functions were new in current compilation
    0 functions had inline decision re-evaluated but remain unchanged
  已完成程式碼產生
  LoadPLY.vcxproj -> D:\Project\2D\x64\Release\LoadPLY.exe
